0 info it worked if it ends with ok
1 verbose cli [ '/usr/bin/nodejs',
1 verbose cli   '/home/abudaan/bin/npm',
1 verbose cli   'run',
1 verbose cli   'babel-node',
1 verbose cli   'server.es6' ]
2 info using npm@3.3.12
3 info using node@v4.4.3
4 verbose run-script [ 'prebabel-node', 'babel-node', 'postbabel-node' ]
5 info lifecycle react-native-push-server@1.0.0~prebabel-node: react-native-push-server@1.0.0
6 silly lifecycle react-native-push-server@1.0.0~prebabel-node: no script for prebabel-node, continuing
7 info lifecycle react-native-push-server@1.0.0~babel-node: react-native-push-server@1.0.0
8 verbose lifecycle react-native-push-server@1.0.0~babel-node: unsafe-perm in lifecycle true
9 verbose lifecycle react-native-push-server@1.0.0~babel-node: PATH: /home/abudaan/lib/node_modules/npm/bin/node-gyp-bin:/home/abudaan/workspace/react-native-push-server/node_modules/.bin:/usr/local/heroku/bin:/home/abudaan/.npm-packages/bin:/home/abudaan/android-sdk-linux/tools:/home/abudaan/lib/Elm-Platform/0.15.1/.cabal-sandbox/bin:/opt/cabal/1.22/bin:/opt/ghc/7.10.1/bin:/opt/ghc//bin:/home/abudaan:/home/abudaan/bin:/usr/share:/usr/local/sbin:/usr/local/bin:/usr/sbin:/usr/bin:/sbin:/bin:/usr/games:/usr/local/games:/snap/bin:/usr/lib/jvm/java-8-oracle/bin:/usr/lib/jvm/java-8-oracle/db/bin:/usr/lib/jvm/java-8-oracle/jre/bin:/usr/share/emsdk_portable:/usr/share/emsdk_portable/clang/tag-e1.34.3/build_tag-e1.34.3_64/bin:/usr/share/emsdk_portable/emscripten/tag-1.34.3
10 verbose lifecycle react-native-push-server@1.0.0~babel-node: CWD: /home/abudaan/workspace/react-native-push-server
11 silly lifecycle react-native-push-server@1.0.0~babel-node: Args: [ '-c', 'babel-node "server.es6"' ]
12 silly lifecycle react-native-push-server@1.0.0~babel-node: Returned: code: 1  signal: null
13 info lifecycle react-native-push-server@1.0.0~babel-node: Failed to exec babel-node script
14 verbose stack Error: react-native-push-server@1.0.0 babel-node: `babel-node "server.es6"`
14 verbose stack Exit status 1
14 verbose stack     at EventEmitter.<anonymous> (/home/abudaan/lib/node_modules/npm/lib/utils/lifecycle.js:232:16)
14 verbose stack     at emitTwo (events.js:87:13)
14 verbose stack     at EventEmitter.emit (events.js:172:7)
14 verbose stack     at ChildProcess.<anonymous> (/home/abudaan/lib/node_modules/npm/lib/utils/spawn.js:24:14)
14 verbose stack     at emitTwo (events.js:87:13)
14 verbose stack     at ChildProcess.emit (events.js:172:7)
14 verbose stack     at maybeClose (internal/child_process.js:827:16)
14 verbose stack     at Process.ChildProcess._handle.onexit (internal/child_process.js:211:5)
15 verbose pkgid react-native-push-server@1.0.0
16 verbose cwd /home/abudaan/workspace/react-native-push-server
17 error Linux 4.4.0-21-generic
18 error argv "/usr/bin/nodejs" "/home/abudaan/bin/npm" "run" "babel-node" "server.es6"
19 error node v4.4.3
20 error npm  v3.3.12
21 error code ELIFECYCLE
22 error react-native-push-server@1.0.0 babel-node: `babel-node "server.es6"`
22 error Exit status 1
23 error Failed at the react-native-push-server@1.0.0 babel-node script 'babel-node "server.es6"'.
23 error Make sure you have the latest version of node.js and npm installed.
23 error If you do, this is most likely a problem with the react-native-push-server package,
23 error not with npm itself.
23 error Tell the author that this fails on your system:
23 error     babel-node "server.es6"
23 error You can get their info via:
23 error     npm owner ls react-native-push-server
23 error There is likely additional logging output above.
24 verbose exit [ 1, true ]
